[2026-01-01 00:53:32] local.ERROR: require(/var/www/vhosts/rsantana.us/api.rsantana.us/bootstrap/../routes/api.php): Failed to open stream: No such file or directory {"exception":"[object] (ErrorException(code: 0): require(/var/www/vhosts/rsantana.us/api.rsantana.us/bootstrap/../routes/api.php): Failed to open stream: No such file or directory at /var/www/vhosts/rsantana.us/api.rsantana.us/vendor/laravel/framework/src/Illuminate/Routing/RouteFileRegistrar.php:34)
[stacktrace]
#0 /var/www/vhosts/rsantana.us/api.rsantana.us/vendor/laravel/framework/src/Illuminate/Foundation/Bootstrap/HandleExceptions.php(258): Illuminate\\Foundation\\Bootstrap\\HandleExceptions->handleError()
#1 /var/www/vhosts/rsantana.us/api.rsantana.us/vendor/laravel/framework/src/Illuminate/Routing/RouteFileRegistrar.php(34): Illuminate\\Foundation\\Bootstrap\\HandleExceptions->Illuminate\\Foundation\\Bootstrap\\{closure}()
#2 /var/www/vhosts/rsantana.us/api.rsantana.us/vendor/laravel/framework/src/Illuminate/Routing/RouteFileRegistrar.php(34): require('...')
#3 /var/www/vhosts/rsantana.us/api.rsantana.us/vendor/laravel/framework/src/Illuminate/Routing/Router.php(526): Illuminate\\Routing\\RouteFileRegistrar->register()
#4 /var/www/vhosts/rsantana.us/api.rsantana.us/vendor/laravel/framework/src/Illuminate/Routing/Router.php(480): Illuminate\\Routing\\Router->loadRoutes()
#5 /var/www/vhosts/rsantana.us/api.rsantana.us/vendor/laravel/framework/src/Illuminate/Routing/RouteRegistrar.php(212): Illuminate\\Routing\\Router->group()
#6 /var/www/vhosts/rsantana.us/api.rsantana.us/vendor/laravel/framework/src/Illuminate/Foundation/Configuration/ApplicationBuilder.php(214): Illuminate\\Routing\\RouteRegistrar->group()
#7 /var/www/vhosts/rsantana.us/api.rsantana.us/vendor/laravel/framework/src/Illuminate/Container/BoundMethod.php(36): Illuminate\\Foundation\\Configuration\\ApplicationBuilder->Illuminate\\Foundation\\Configuration\\{closure}()
#8 /var/www/vhosts/rsantana.us/api.rsantana.us/vendor/laravel/framework/src/Illuminate/Container/Util.php(43): Illuminate\\Container\\BoundMethod::Illuminate\\Container\\{closure}()
#9 /var/www/vhosts/rsantana.us/api.rsantana.us/vendor/laravel/framework/src/Illuminate/Container/BoundMethod.php(84): Illuminate\\Container\\Util::unwrapIfClosure()
#10 /var/www/vhosts/rsantana.us/api.rsantana.us/vendor/laravel/framework/src/Illuminate/Container/BoundMethod.php(35): Illuminate\\Container\\BoundMethod::callBoundMethod()
#11 /var/www/vhosts/rsantana.us/api.rsantana.us/vendor/laravel/framework/src/Illuminate/Container/Container.php(799): Illuminate\\Container\\BoundMethod::call()
#12 /var/www/vhosts/rsantana.us/api.rsantana.us/vendor/laravel/framework/src/Illuminate/Foundation/Support/Providers/RouteServiceProvider.php(162): Illuminate\\Container\\Container->call()
#13 /var/www/vhosts/rsantana.us/api.rsantana.us/vendor/laravel/framework/src/Illuminate/Foundation/Support/Providers/RouteServiceProvider.php(59): Illuminate\\Foundation\\Support\\Providers\\RouteServiceProvider->loadRoutes()
#14 /var/www/vhosts/rsantana.us/api.rsantana.us/vendor/laravel/framework/src/Illuminate/Container/BoundMethod.php(36): Illuminate\\Foundation\\Support\\Providers\\RouteServiceProvider->Illuminate\\Foundation\\Support\\Providers\\{closure}()
#15 /var/www/vhosts/rsantana.us/api.rsantana.us/vendor/laravel/framework/src/Illuminate/Container/Util.php(43): Illuminate\\Container\\BoundMethod::Illuminate\\Container\\{closure}()
#16 /var/www/vhosts/rsantana.us/api.rsantana.us/vendor/laravel/framework/src/Illuminate/Container/BoundMethod.php(84): Illuminate\\Container\\Util::unwrapIfClosure()
#17 /var/www/vhosts/rsantana.us/api.rsantana.us/vendor/laravel/framework/src/Illuminate/Container/BoundMethod.php(35): Illuminate\\Container\\BoundMethod::callBoundMethod()
#18 /var/www/vhosts/rsantana.us/api.rsantana.us/vendor/laravel/framework/src/Illuminate/Container/Container.php(799): Illuminate\\Container\\BoundMethod::call()
#19 /var/www/vhosts/rsantana.us/api.rsantana.us/vendor/laravel/framework/src/Illuminate/Support/ServiceProvider.php(150): Illuminate\\Container\\Container->call()
#20 /var/www/vhosts/rsantana.us/api.rsantana.us/vendor/laravel/framework/src/Illuminate/Foundation/Application.php(1154): Illuminate\\Support\\ServiceProvider->callBootedCallbacks()
#21 /var/www/vhosts/rsantana.us/api.rsantana.us/vendor/laravel/framework/src/Illuminate/Foundation/Application.php(1132): Illuminate\\Foundation\\Application->bootProvider()
#22 [internal function]: Illuminate\\Foundation\\Application->Illuminate\\Foundation\\{closure}()
#23 /var/www/vhosts/rsantana.us/api.rsantana.us/vendor/laravel/framework/src/Illuminate/Foundation/Application.php(1131): array_walk()
#24 /var/www/vhosts/rsantana.us/api.rsantana.us/vendor/laravel/framework/src/Illuminate/Foundation/Bootstrap/BootProviders.php(17): Illuminate\\Foundation\\Application->boot()
#25 /var/www/vhosts/rsantana.us/api.rsantana.us/vendor/laravel/framework/src/Illuminate/Foundation/Application.php(342): Illuminate\\Foundation\\Bootstrap\\BootProviders->bootstrap()
#26 /var/www/vhosts/rsantana.us/api.rsantana.us/vendor/laravel/framework/src/Illuminate/Foundation/Console/Kernel.php(494): Illuminate\\Foundation\\Application->bootstrapWith()
#27 /var/www/vhosts/rsantana.us/api.rsantana.us/vendor/laravel/framework/src/Illuminate/Foundation/Console/Kernel.php(196): Illuminate\\Foundation\\Console\\Kernel->bootstrap()
#28 /var/www/vhosts/rsantana.us/api.rsantana.us/vendor/laravel/framework/src/Illuminate/Foundation/Application.php(1235): Illuminate\\Foundation\\Console\\Kernel->handle()
#29 /var/www/vhosts/rsantana.us/api.rsantana.us/artisan(16): Illuminate\\Foundation\\Application->handleCommand()
#30 {main}
"} 
[2026-01-01 00:58:20] local.ERROR: syntax error, unexpected token "{", expecting ";" {"exception":"[object] (ParseError(code: 0): syntax error, unexpected token \"{\", expecting \";\" at /var/www/vhosts/rsantana.us/api.rsantana.us/routes/api.php:7)
[stacktrace]
#0 /var/www/vhosts/rsantana.us/api.rsantana.us/vendor/laravel/framework/src/Illuminate/Routing/Router.php(526): Illuminate\\Routing\\RouteFileRegistrar->register()
#1 /var/www/vhosts/rsantana.us/api.rsantana.us/vendor/laravel/framework/src/Illuminate/Routing/Router.php(480): Illuminate\\Routing\\Router->loadRoutes()
#2 /var/www/vhosts/rsantana.us/api.rsantana.us/vendor/laravel/framework/src/Illuminate/Routing/RouteRegistrar.php(212): Illuminate\\Routing\\Router->group()
#3 /var/www/vhosts/rsantana.us/api.rsantana.us/vendor/laravel/framework/src/Illuminate/Foundation/Configuration/ApplicationBuilder.php(214): Illuminate\\Routing\\RouteRegistrar->group()
#4 /var/www/vhosts/rsantana.us/api.rsantana.us/vendor/laravel/framework/src/Illuminate/Container/BoundMethod.php(36): Illuminate\\Foundation\\Configuration\\ApplicationBuilder->Illuminate\\Foundation\\Configuration\\{closure}()
#5 /var/www/vhosts/rsantana.us/api.rsantana.us/vendor/laravel/framework/src/Illuminate/Container/Util.php(43): Illuminate\\Container\\BoundMethod::Illuminate\\Container\\{closure}()
#6 /var/www/vhosts/rsantana.us/api.rsantana.us/vendor/laravel/framework/src/Illuminate/Container/BoundMethod.php(84): Illuminate\\Container\\Util::unwrapIfClosure()
#7 /var/www/vhosts/rsantana.us/api.rsantana.us/vendor/laravel/framework/src/Illuminate/Container/BoundMethod.php(35): Illuminate\\Container\\BoundMethod::callBoundMethod()
#8 /var/www/vhosts/rsantana.us/api.rsantana.us/vendor/laravel/framework/src/Illuminate/Container/Container.php(799): Illuminate\\Container\\BoundMethod::call()
#9 /var/www/vhosts/rsantana.us/api.rsantana.us/vendor/laravel/framework/src/Illuminate/Foundation/Support/Providers/RouteServiceProvider.php(162): Illuminate\\Container\\Container->call()
#10 /var/www/vhosts/rsantana.us/api.rsantana.us/vendor/laravel/framework/src/Illuminate/Foundation/Support/Providers/RouteServiceProvider.php(59): Illuminate\\Foundation\\Support\\Providers\\RouteServiceProvider->loadRoutes()
#11 /var/www/vhosts/rsantana.us/api.rsantana.us/vendor/laravel/framework/src/Illuminate/Container/BoundMethod.php(36): Illuminate\\Foundation\\Support\\Providers\\RouteServiceProvider->Illuminate\\Foundation\\Support\\Providers\\{closure}()
#12 /var/www/vhosts/rsantana.us/api.rsantana.us/vendor/laravel/framework/src/Illuminate/Container/Util.php(43): Illuminate\\Container\\BoundMethod::Illuminate\\Container\\{closure}()
#13 /var/www/vhosts/rsantana.us/api.rsantana.us/vendor/laravel/framework/src/Illuminate/Container/BoundMethod.php(84): Illuminate\\Container\\Util::unwrapIfClosure()
#14 /var/www/vhosts/rsantana.us/api.rsantana.us/vendor/laravel/framework/src/Illuminate/Container/BoundMethod.php(35): Illuminate\\Container\\BoundMethod::callBoundMethod()
#15 /var/www/vhosts/rsantana.us/api.rsantana.us/vendor/laravel/framework/src/Illuminate/Container/Container.php(799): Illuminate\\Container\\BoundMethod::call()
#16 /var/www/vhosts/rsantana.us/api.rsantana.us/vendor/laravel/framework/src/Illuminate/Support/ServiceProvider.php(150): Illuminate\\Container\\Container->call()
#17 /var/www/vhosts/rsantana.us/api.rsantana.us/vendor/laravel/framework/src/Illuminate/Foundation/Application.php(1154): Illuminate\\Support\\ServiceProvider->callBootedCallbacks()
#18 /var/www/vhosts/rsantana.us/api.rsantana.us/vendor/laravel/framework/src/Illuminate/Foundation/Application.php(1132): Illuminate\\Foundation\\Application->bootProvider()
#19 [internal function]: Illuminate\\Foundation\\Application->Illuminate\\Foundation\\{closure}()
#20 /var/www/vhosts/rsantana.us/api.rsantana.us/vendor/laravel/framework/src/Illuminate/Foundation/Application.php(1131): array_walk()
#21 /var/www/vhosts/rsantana.us/api.rsantana.us/vendor/laravel/framework/src/Illuminate/Foundation/Bootstrap/BootProviders.php(17): Illuminate\\Foundation\\Application->boot()
#22 /var/www/vhosts/rsantana.us/api.rsantana.us/vendor/laravel/framework/src/Illuminate/Foundation/Application.php(342): Illuminate\\Foundation\\Bootstrap\\BootProviders->bootstrap()
#23 /var/www/vhosts/rsantana.us/api.rsantana.us/vendor/laravel/framework/src/Illuminate/Foundation/Http/Kernel.php(186): Illuminate\\Foundation\\Application->bootstrapWith()
#24 /var/www/vhosts/rsantana.us/api.rsantana.us/vendor/laravel/framework/src/Illuminate/Foundation/Http/Kernel.php(170): Illuminate\\Foundation\\Http\\Kernel->bootstrap()
#25 /var/www/vhosts/rsantana.us/api.rsantana.us/vendor/laravel/framework/src/Illuminate/Foundation/Http/Kernel.php(144): Illuminate\\Foundation\\Http\\Kernel->sendRequestThroughRouter()
#26 /var/www/vhosts/rsantana.us/api.rsantana.us/vendor/laravel/framework/src/Illuminate/Foundation/Application.php(1220): Illuminate\\Foundation\\Http\\Kernel->handle()
#27 /var/www/vhosts/rsantana.us/api.rsantana.us/public/index.php(20): Illuminate\\Foundation\\Application->handleRequest()
#28 {main}
"} 
[2026-01-01 00:58:33] local.ERROR: syntax error, unexpected token "{", expecting ";" {"exception":"[object] (ParseError(code: 0): syntax error, unexpected token \"{\", expecting \";\" at /var/www/vhosts/rsantana.us/api.rsantana.us/routes/api.php:7)
[stacktrace]
#0 /var/www/vhosts/rsantana.us/api.rsantana.us/vendor/laravel/framework/src/Illuminate/Routing/Router.php(526): Illuminate\\Routing\\RouteFileRegistrar->register()
#1 /var/www/vhosts/rsantana.us/api.rsantana.us/vendor/laravel/framework/src/Illuminate/Routing/Router.php(480): Illuminate\\Routing\\Router->loadRoutes()
#2 /var/www/vhosts/rsantana.us/api.rsantana.us/vendor/laravel/framework/src/Illuminate/Routing/RouteRegistrar.php(212): Illuminate\\Routing\\Router->group()
#3 /var/www/vhosts/rsantana.us/api.rsantana.us/vendor/laravel/framework/src/Illuminate/Foundation/Configuration/ApplicationBuilder.php(214): Illuminate\\Routing\\RouteRegistrar->group()
#4 /var/www/vhosts/rsantana.us/api.rsantana.us/vendor/laravel/framework/src/Illuminate/Container/BoundMethod.php(36): Illuminate\\Foundation\\Configuration\\ApplicationBuilder->Illuminate\\Foundation\\Configuration\\{closure}()
#5 /var/www/vhosts/rsantana.us/api.rsantana.us/vendor/laravel/framework/src/Illuminate/Container/Util.php(43): Illuminate\\Container\\BoundMethod::Illuminate\\Container\\{closure}()
#6 /var/www/vhosts/rsantana.us/api.rsantana.us/vendor/laravel/framework/src/Illuminate/Container/BoundMethod.php(84): Illuminate\\Container\\Util::unwrapIfClosure()
#7 /var/www/vhosts/rsantana.us/api.rsantana.us/vendor/laravel/framework/src/Illuminate/Container/BoundMethod.php(35): Illuminate\\Container\\BoundMethod::callBoundMethod()
#8 /var/www/vhosts/rsantana.us/api.rsantana.us/vendor/laravel/framework/src/Illuminate/Container/Container.php(799): Illuminate\\Container\\BoundMethod::call()
#9 /var/www/vhosts/rsantana.us/api.rsantana.us/vendor/laravel/framework/src/Illuminate/Foundation/Support/Providers/RouteServiceProvider.php(162): Illuminate\\Container\\Container->call()
#10 /var/www/vhosts/rsantana.us/api.rsantana.us/vendor/laravel/framework/src/Illuminate/Foundation/Support/Providers/RouteServiceProvider.php(59): Illuminate\\Foundation\\Support\\Providers\\RouteServiceProvider->loadRoutes()
#11 /var/www/vhosts/rsantana.us/api.rsantana.us/vendor/laravel/framework/src/Illuminate/Container/BoundMethod.php(36): Illuminate\\Foundation\\Support\\Providers\\RouteServiceProvider->Illuminate\\Foundation\\Support\\Providers\\{closure}()
#12 /var/www/vhosts/rsantana.us/api.rsantana.us/vendor/laravel/framework/src/Illuminate/Container/Util.php(43): Illuminate\\Container\\BoundMethod::Illuminate\\Container\\{closure}()
#13 /var/www/vhosts/rsantana.us/api.rsantana.us/vendor/laravel/framework/src/Illuminate/Container/BoundMethod.php(84): Illuminate\\Container\\Util::unwrapIfClosure()
#14 /var/www/vhosts/rsantana.us/api.rsantana.us/vendor/laravel/framework/src/Illuminate/Container/BoundMethod.php(35): Illuminate\\Container\\BoundMethod::callBoundMethod()
#15 /var/www/vhosts/rsantana.us/api.rsantana.us/vendor/laravel/framework/src/Illuminate/Container/Container.php(799): Illuminate\\Container\\BoundMethod::call()
#16 /var/www/vhosts/rsantana.us/api.rsantana.us/vendor/laravel/framework/src/Illuminate/Support/ServiceProvider.php(150): Illuminate\\Container\\Container->call()
#17 /var/www/vhosts/rsantana.us/api.rsantana.us/vendor/laravel/framework/src/Illuminate/Foundation/Application.php(1154): Illuminate\\Support\\ServiceProvider->callBootedCallbacks()
#18 /var/www/vhosts/rsantana.us/api.rsantana.us/vendor/laravel/framework/src/Illuminate/Foundation/Application.php(1132): Illuminate\\Foundation\\Application->bootProvider()
#19 [internal function]: Illuminate\\Foundation\\Application->Illuminate\\Foundation\\{closure}()
#20 /var/www/vhosts/rsantana.us/api.rsantana.us/vendor/laravel/framework/src/Illuminate/Foundation/Application.php(1131): array_walk()
#21 /var/www/vhosts/rsantana.us/api.rsantana.us/vendor/laravel/framework/src/Illuminate/Foundation/Bootstrap/BootProviders.php(17): Illuminate\\Foundation\\Application->boot()
#22 /var/www/vhosts/rsantana.us/api.rsantana.us/vendor/laravel/framework/src/Illuminate/Foundation/Application.php(342): Illuminate\\Foundation\\Bootstrap\\BootProviders->bootstrap()
#23 /var/www/vhosts/rsantana.us/api.rsantana.us/vendor/laravel/framework/src/Illuminate/Foundation/Http/Kernel.php(186): Illuminate\\Foundation\\Application->bootstrapWith()
#24 /var/www/vhosts/rsantana.us/api.rsantana.us/vendor/laravel/framework/src/Illuminate/Foundation/Http/Kernel.php(170): Illuminate\\Foundation\\Http\\Kernel->bootstrap()
#25 /var/www/vhosts/rsantana.us/api.rsantana.us/vendor/laravel/framework/src/Illuminate/Foundation/Http/Kernel.php(144): Illuminate\\Foundation\\Http\\Kernel->sendRequestThroughRouter()
#26 /var/www/vhosts/rsantana.us/api.rsantana.us/vendor/laravel/framework/src/Illuminate/Foundation/Application.php(1220): Illuminate\\Foundation\\Http\\Kernel->handle()
#27 /var/www/vhosts/rsantana.us/api.rsantana.us/public/index.php(20): Illuminate\\Foundation\\Application->handleRequest()
#28 {main}
"} 
[2026-01-01 01:01:56] local.ERROR: syntax error, unexpected token ";", expecting "]" {"exception":"[object] (ParseError(code: 0): syntax error, unexpected token \";\", expecting \"]\" at /var/www/vhosts/rsantana.us/api.rsantana.us/routes/api.php:8)
[stacktrace]
#0 /var/www/vhosts/rsantana.us/api.rsantana.us/vendor/laravel/framework/src/Illuminate/Routing/Router.php(526): Illuminate\\Routing\\RouteFileRegistrar->register()
#1 /var/www/vhosts/rsantana.us/api.rsantana.us/vendor/laravel/framework/src/Illuminate/Routing/Router.php(480): Illuminate\\Routing\\Router->loadRoutes()
#2 /var/www/vhosts/rsantana.us/api.rsantana.us/vendor/laravel/framework/src/Illuminate/Routing/RouteRegistrar.php(212): Illuminate\\Routing\\Router->group()
#3 /var/www/vhosts/rsantana.us/api.rsantana.us/vendor/laravel/framework/src/Illuminate/Foundation/Configuration/ApplicationBuilder.php(214): Illuminate\\Routing\\RouteRegistrar->group()
#4 /var/www/vhosts/rsantana.us/api.rsantana.us/vendor/laravel/framework/src/Illuminate/Container/BoundMethod.php(36): Illuminate\\Foundation\\Configuration\\ApplicationBuilder->Illuminate\\Foundation\\Configuration\\{closure}()
#5 /var/www/vhosts/rsantana.us/api.rsantana.us/vendor/laravel/framework/src/Illuminate/Container/Util.php(43): Illuminate\\Container\\BoundMethod::Illuminate\\Container\\{closure}()
#6 /var/www/vhosts/rsantana.us/api.rsantana.us/vendor/laravel/framework/src/Illuminate/Container/BoundMethod.php(84): Illuminate\\Container\\Util::unwrapIfClosure()
#7 /var/www/vhosts/rsantana.us/api.rsantana.us/vendor/laravel/framework/src/Illuminate/Container/BoundMethod.php(35): Illuminate\\Container\\BoundMethod::callBoundMethod()
#8 /var/www/vhosts/rsantana.us/api.rsantana.us/vendor/laravel/framework/src/Illuminate/Container/Container.php(799): Illuminate\\Container\\BoundMethod::call()
#9 /var/www/vhosts/rsantana.us/api.rsantana.us/vendor/laravel/framework/src/Illuminate/Foundation/Support/Providers/RouteServiceProvider.php(162): Illuminate\\Container\\Container->call()
#10 /var/www/vhosts/rsantana.us/api.rsantana.us/vendor/laravel/framework/src/Illuminate/Foundation/Support/Providers/RouteServiceProvider.php(59): Illuminate\\Foundation\\Support\\Providers\\RouteServiceProvider->loadRoutes()
#11 /var/www/vhosts/rsantana.us/api.rsantana.us/vendor/laravel/framework/src/Illuminate/Container/BoundMethod.php(36): Illuminate\\Foundation\\Support\\Providers\\RouteServiceProvider->Illuminate\\Foundation\\Support\\Providers\\{closure}()
#12 /var/www/vhosts/rsantana.us/api.rsantana.us/vendor/laravel/framework/src/Illuminate/Container/Util.php(43): Illuminate\\Container\\BoundMethod::Illuminate\\Container\\{closure}()
#13 /var/www/vhosts/rsantana.us/api.rsantana.us/vendor/laravel/framework/src/Illuminate/Container/BoundMethod.php(84): Illuminate\\Container\\Util::unwrapIfClosure()
#14 /var/www/vhosts/rsantana.us/api.rsantana.us/vendor/laravel/framework/src/Illuminate/Container/BoundMethod.php(35): Illuminate\\Container\\BoundMethod::callBoundMethod()
#15 /var/www/vhosts/rsantana.us/api.rsantana.us/vendor/laravel/framework/src/Illuminate/Container/Container.php(799): Illuminate\\Container\\BoundMethod::call()
#16 /var/www/vhosts/rsantana.us/api.rsantana.us/vendor/laravel/framework/src/Illuminate/Support/ServiceProvider.php(150): Illuminate\\Container\\Container->call()
#17 /var/www/vhosts/rsantana.us/api.rsantana.us/vendor/laravel/framework/src/Illuminate/Foundation/Application.php(1154): Illuminate\\Support\\ServiceProvider->callBootedCallbacks()
#18 /var/www/vhosts/rsantana.us/api.rsantana.us/vendor/laravel/framework/src/Illuminate/Foundation/Application.php(1132): Illuminate\\Foundation\\Application->bootProvider()
#19 [internal function]: Illuminate\\Foundation\\Application->Illuminate\\Foundation\\{closure}()
#20 /var/www/vhosts/rsantana.us/api.rsantana.us/vendor/laravel/framework/src/Illuminate/Foundation/Application.php(1131): array_walk()
#21 /var/www/vhosts/rsantana.us/api.rsantana.us/vendor/laravel/framework/src/Illuminate/Foundation/Bootstrap/BootProviders.php(17): Illuminate\\Foundation\\Application->boot()
#22 /var/www/vhosts/rsantana.us/api.rsantana.us/vendor/laravel/framework/src/Illuminate/Foundation/Application.php(342): Illuminate\\Foundation\\Bootstrap\\BootProviders->bootstrap()
#23 /var/www/vhosts/rsantana.us/api.rsantana.us/vendor/laravel/framework/src/Illuminate/Foundation/Http/Kernel.php(186): Illuminate\\Foundation\\Application->bootstrapWith()
#24 /var/www/vhosts/rsantana.us/api.rsantana.us/vendor/laravel/framework/src/Illuminate/Foundation/Http/Kernel.php(170): Illuminate\\Foundation\\Http\\Kernel->bootstrap()
#25 /var/www/vhosts/rsantana.us/api.rsantana.us/vendor/laravel/framework/src/Illuminate/Foundation/Http/Kernel.php(144): Illuminate\\Foundation\\Http\\Kernel->sendRequestThroughRouter()
#26 /var/www/vhosts/rsantana.us/api.rsantana.us/vendor/laravel/framework/src/Illuminate/Foundation/Application.php(1220): Illuminate\\Foundation\\Http\\Kernel->handle()
#27 /var/www/vhosts/rsantana.us/api.rsantana.us/public/index.php(20): Illuminate\\Foundation\\Application->handleRequest()
#28 {main}
"} 
